2020-05-01 00:04:48.206  INFO 13764 --- [XNIO-1 I/O-2] lavalink.server.io.SocketServer          : Connection closed from /127.0.0.1:51862 -- CloseStatus[code=1006, reason=]
2020-05-01 00:04:48.211  INFO 13764 --- [XNIO-1 I/O-2] lavalink.server.io.SocketContext         : Shutting down 0 playing players.
2020-05-01 00:04:48.995  INFO 13764 --- [XNIO-1 task-11] l.server.io.HandshakeInterceptorImpl     : Incoming connection from /127.0.0.1:52041
2020-05-01 00:04:49.001  INFO 13764 --- [XNIO-1 task-11] lavalink.server.io.SocketServer          : Connection successfully established from /127.0.0.1:52041
2020-05-01 00:05:28.063  INFO 13764 --- [XNIO-1 task-12] l.server.player.AudioLoaderRestHandler   : GET /loadtracks
2020-05-01 00:05:28.534  INFO 13764 --- [XNIO-1 I/O-5] lavalink.server.io.SocketServer          : {"sessionId":"dfdc334c3e6959cc0367507de053a756","op":"voiceUpdate","guildId":"491484003715776533","event":{"token":"2da494a12d741e53","guild_id":"491484003715776533","endpoint":"hongkong123.discord.media:80"}}
2020-05-01 00:05:29.153  INFO 13764 --- [lava-daemon-pool-info-loader-2-thread-1] lavalink.server.player.AudioLoader       : Loaded track 365?????? - AKB48????
2020-05-01 00:05:29.160  INFO 13764 --- [XNIO-1 I/O-5] lavalink.server.io.SocketServer          : {"op":"play","guildId":"491484003715776533","track":"QAAAmQIAKTM2NeaXpeOBrue0memjm+ihjOapnyAtIEFLQjQ477yI44OV44Or77yJABZoaWdoX25vdGUgTXVzaWMgTG91bmdlAAAAAAAEQdgAC1VPNkZZNGtKNFk0AAEAK2h0dHBzOi8vd3d3LnlvdXR1YmUuY29tL3dhdGNoP3Y9VU82Rlk0a0o0WTQAB3lvdXR1YmUAAAAAAAAAAA==","volume":100}
2020-05-01 00:12:58.052  INFO 13764 --- [XNIO-1 I/O-5] lavalink.server.io.SocketServer          : Connection closed from /127.0.0.1:52041 -- CloseStatus[code=1006, reason=]
2020-05-01 00:12:58.052  INFO 13764 --- [XNIO-1 I/O-5] lavalink.server.io.SocketContext         : Shutting down 0 playing players.
2020-05-01 00:12:58.899  INFO 13764 --- [XNIO-1 task-14] l.server.io.HandshakeInterceptorImpl     : Incoming connection from /127.0.0.1:52121
2020-05-01 00:12:58.904  INFO 13764 --- [XNIO-1 task-14] lavalink.server.io.SocketServer          : Connection successfully established from /127.0.0.1:52121
2020-05-01 00:25:25.936  INFO 13764 --- [XNIO-1 task-15] l.server.player.AudioLoaderRestHandler   : GET /loadtracks
2020-05-01 00:25:26.212  INFO 13764 --- [XNIO-1 I/O-5] lavalink.server.io.SocketServer          : {"sessionId":"3e957751fc85cbec2c152ecbc6aedef7","op":"voiceUpdate","guildId":"491484003715776533","event":{"token":"fe2ca6a551714d09","guild_id":"491484003715776533","endpoint":"hongkong123.discord.media:80"}}
2020-05-01 00:25:26.579  INFO 13764 --- [lava-daemon-pool-info-loader-2-thread-1] lavalink.server.player.AudioLoader       : Loaded playlist Search results for: mai mai HCM
2020-05-01 00:25:31.738  INFO 13764 --- [XNIO-1 I/O-5] lavalink.server.io.SocketServer          : {"op":"play","guildId":"491484003715776533","track":"QAAA2QIAbkhUViBIw4FUIE3Dg0kgxq/hu5pDIE3GoHxYw7N0IHhhIHRyxrDhu5tjIGPhuq11IGLDqSBt4bqldCBjaGEga2hpIHbhu6thIDEyIHR14buVaXxNw5lBIDJ8SE1VTSAjNiBGVUxMfDYvNC8yMDE4ABFIVFYgRW50ZXJ0YWlubWVudAAAAAAAOxUAAAt4REktQ1ZzdWJHUQABACtodHRwczovL3d3dy55b3V0dWJlLmNvbS93YXRjaD92PXhESS1DVnN1YkdRAAd5b3V0dWJlAAAAAAAAAAA=","volume":100}
2020-05-01 00:25:46.210  INFO 13764 --- [XNIO-1 task-17] l.server.player.AudioLoaderRestHandler   : GET /loadtracks
2020-05-01 00:25:46.757  INFO 13764 --- [lava-daemon-pool-info-loader-2-thread-1] lavalink.server.player.AudioLoader       : Loaded playlist Search results for: baliaa
2020-05-01 00:26:00.342  INFO 13764 --- [XNIO-1 task-19] l.server.player.AudioLoaderRestHandler   : GET /loadtracks
2020-05-01 00:26:00.905  INFO 13764 --- [lava-daemon-pool-info-loader-2-thread-1] lavalink.server.player.AudioLoader       : Loaded playlist Search results for: Futari no kimochi
2020-05-01 00:26:23.104  INFO 13764 --- [XNIO-1 I/O-5] lavalink.server.io.SocketServer          : {"op":"stop","guildId":"491484003715776533"}
2020-05-01 00:26:23.105  INFO 13764 --- [XNIO-1 I/O-5] lavalink.server.io.SocketServer          : {"op":"play","guildId":"491484003715776533","track":"QAAAvAIAVmphdHQgZGEgdGhpa2FuYSBiYWxpYWEgLSBKYXNzaSBHaWxsICYgQmFiYmFsIFJhaS0gTGF0ZXN0IFB1bmphYmkgU29uZyAyMDE1IE11c2ljIEluZGlhAAxBQUdBQVogTVVTSUMAAAAAAAPv0AALWDYyYVBlLUtTTFkAAQAraHR0cHM6Ly93d3cueW91dHViZS5jb20vd2F0Y2g/dj1YNjJhUGUtS1NMWQAHeW91dHViZQAAAAAAAAAA","volume":100}
2020-05-01 00:26:42.110  INFO 13764 --- [XNIO-1 I/O-5] lavalink.server.io.SocketServer          : {"op":"stop","guildId":"491484003715776533"}
2020-05-01 00:26:42.111  INFO 13764 --- [XNIO-1 I/O-5] lavalink.server.io.SocketServer          : {"op":"play","guildId":"491484003715776533","track":"QAAAkQIAKUZ1dGFyaSBObyBLaW1vY2hpIC0gS2FvcnUgV2FkYSAoSU5VWUFTSEEpAA5NaWNoYWVsIGFkaXNzaQAAAAAAAl14AAtvb3Z2OXozUVJIUQABACtodHRwczovL3d3dy55b3V0dWJlLmNvbS93YXRjaD92PW9vdnY5ejNRUkhRAAd5b3V0dWJlAAAAAAAAAAA=","volume":100}
2020-05-01 00:29:15.038  INFO 13764 --- [XNIO-1 I/O-5] lavalink.server.io.SocketServer          : Connection closed from /127.0.0.1:52121 -- CloseStatus[code=1006, reason=]
2020-05-01 00:29:15.039  INFO 13764 --- [XNIO-1 I/O-5] lavalink.server.io.SocketContext         : Shutting down 1 playing players.
2020-05-01 00:29:15.845  INFO 13764 --- [XNIO-1 task-21] l.server.io.HandshakeInterceptorImpl     : Incoming connection from /127.0.0.1:52435
2020-05-01 00:29:15.851  INFO 13764 --- [XNIO-1 task-21] lavalink.server.io.SocketServer          : Connection successfully established from /127.0.0.1:52435
2020-05-01 00:29:58.238  INFO 13764 --- [XNIO-1 task-22] l.server.player.AudioLoaderRestHandler   : GET /loadtracks
2020-05-01 00:29:58.721  INFO 13764 --- [XNIO-1 I/O-7] lavalink.server.io.SocketServer          : {"sessionId":"9e476a0d9712b2aca3d540096b136f71","op":"voiceUpdate","guildId":"491484003715776533","event":{"token":"fe2ca6a551714d09","guild_id":"491484003715776533","endpoint":"hongkong123.discord.media:80"}}
2020-05-01 00:29:58.795  INFO 13764 --- [lava-daemon-pool-info-loader-2-thread-1] lavalink.server.player.AudioLoader       : Loaded track ?????????Letter song?Akie???????Lyrics?
2020-05-01 00:29:58.800  INFO 13764 --- [XNIO-1 I/O-7] lavalink.server.io.SocketServer          : {"op":"play","guildId":"491484003715776533","track":"QAAAzAIATOS4gOmmluWlveiBveeahOaXpeiqnuatjOOAikxldHRlcsKgc29uZ+OAi0FraWXnp4vnu5jjgJDkuK3ml6XmrYzoqZ5MeXJpY3PjgJEAJuimquimqjJv6Z+z5qiCTMOudsOL44CQ5pel57O76Z+z5qiC44CRAAAAAAAFS3gAC29kdzRLemRMYlB3AAEAK2h0dHBzOi8vd3d3LnlvdXR1YmUuY29tL3dhdGNoP3Y9b2R3NEt6ZExiUHcAB3lvdXR1YmUAAAAAAAAAAA==","volume":100}
2020-05-01 00:30:11.724  INFO 13764 --- [XNIO-1 task-24] l.server.player.AudioLoaderRestHandler   : GET /loadtracks
2020-05-01 00:30:12.480  INFO 13764 --- [lava-daemon-pool-info-loader-2-thread-1] lavalink.server.player.AudioLoader       : Loaded track ????????? ???Akie???????Lyrics?
2020-05-01 00:30:19.838  INFO 13764 --- [XNIO-1 I/O-7] lavalink.server.io.SocketServer          : Connection closed from /127.0.0.1:52435 -- CloseStatus[code=1006, reason=]
2020-05-01 00:30:19.838  INFO 13764 --- [XNIO-1 I/O-7] lavalink.server.io.SocketContext         : Shutting down 1 playing players.
2020-05-01 00:30:34.785  INFO 13764 --- [XNIO-1 task-26] l.server.io.HandshakeInterceptorImpl     : Incoming connection from /127.0.0.1:52455
2020-05-01 00:30:34.790  INFO 13764 --- [XNIO-1 task-26] lavalink.server.io.SocketServer          : Connection successfully established from /127.0.0.1:52455
2020-05-01 00:30:48.759  INFO 13764 --- [XNIO-1 task-27] l.server.player.AudioLoaderRestHandler   : GET /loadtracks
2020-05-01 00:30:49.038  INFO 13764 --- [XNIO-1 I/O-3] lavalink.server.io.SocketServer          : {"sessionId":"ac944c921c4a37603b8a2c2a0dcd9802","op":"voiceUpdate","guildId":"491484003715776533","event":{"token":"fe2ca6a551714d09","guild_id":"491484003715776533","endpoint":"hongkong123.discord.media:80"}}
2020-05-01 00:30:49.362  INFO 13764 --- [lava-daemon-pool-info-loader-2-thread-1] lavalink.server.player.AudioLoader       : Loaded track ?????????Letter song?Akie???????Lyrics?
2020-05-01 00:30:49.373  INFO 13764 --- [XNIO-1 I/O-3] lavalink.server.io.SocketServer          : {"op":"play","guildId":"491484003715776533","track":"QAAAzAIATOS4gOmmluWlveiBveeahOaXpeiqnuatjOOAikxldHRlcsKgc29uZ+OAi0FraWXnp4vnu5jjgJDkuK3ml6XmrYzoqZ5MeXJpY3PjgJEAJuimquimqjJv6Z+z5qiCTMOudsOL44CQ5pel57O76Z+z5qiC44CRAAAAAAAFS3gAC29kdzRLemRMYlB3AAEAK2h0dHBzOi8vd3d3LnlvdXR1YmUuY29tL3dhdGNoP3Y9b2R3NEt6ZExiUHcAB3lvdXR1YmUAAAAAAAAAAA==","volume":100}
2020-05-01 00:30:57.716  INFO 13764 --- [XNIO-1 task-29] l.server.player.AudioLoaderRestHandler   : GET /loadtracks
2020-05-01 00:30:58.424  INFO 13764 --- [lava-daemon-pool-info-loader-2-thread-1] lavalink.server.player.AudioLoader       : Loaded track ????????? ???Akie???????Lyrics?
2020-05-01 00:31:03.795  INFO 13764 --- [XNIO-1 I/O-3] lavalink.server.io.SocketServer          : Connection closed from /127.0.0.1:52455 -- CloseStatus[code=1006, reason=]
2020-05-01 00:31:03.795  INFO 13764 --- [XNIO-1 I/O-3] lavalink.server.io.SocketContext         : Shutting down 1 playing players.
2020-05-01 00:31:22.464  INFO 13764 --- [XNIO-1 task-31] l.server.io.HandshakeInterceptorImpl     : Incoming connection from /127.0.0.1:52470
2020-05-01 00:31:22.470  INFO 13764 --- [XNIO-1 task-31] lavalink.server.io.SocketServer          : Connection successfully established from /127.0.0.1:52470
2020-05-01 00:31:30.730  INFO 13764 --- [XNIO-1 task-32] l.server.player.AudioLoaderRestHandler   : GET /loadtracks
2020-05-01 00:31:31.007  INFO 13764 --- [XNIO-1 I/O-2] lavalink.server.io.SocketServer          : {"sessionId":"641dbf01011c4c5ed1633214b4adaa3b","op":"voiceUpdate","guildId":"491484003715776533","event":{"token":"fe2ca6a551714d09","guild_id":"491484003715776533","endpoint":"hongkong123.discord.media:80"}}
2020-05-01 00:31:31.401  INFO 13764 --- [lava-daemon-pool-info-loader-2-thread-1] lavalink.server.player.AudioLoader       : Loaded track ?????????Letter song?Akie???????Lyrics?
2020-05-01 00:31:31.409  INFO 13764 --- [XNIO-1 I/O-2] lavalink.server.io.SocketServer          : {"op":"play","guildId":"491484003715776533","track":"QAAAzAIATOS4gOmmluWlveiBveeahOaXpeiqnuatjOOAikxldHRlcsKgc29uZ+OAi0FraWXnp4vnu5jjgJDkuK3ml6XmrYzoqZ5MeXJpY3PjgJEAJuimquimqjJv6Z+z5qiCTMOudsOL44CQ5pel57O76Z+z5qiC44CRAAAAAAAFS3gAC29kdzRLemRMYlB3AAEAK2h0dHBzOi8vd3d3LnlvdXR1YmUuY29tL3dhdGNoP3Y9b2R3NEt6ZExiUHcAB3lvdXR1YmUAAAAAAAAAAA==","volume":100}
2020-05-01 00:31:36.073  INFO 13764 --- [XNIO-1 task-34] l.server.player.AudioLoaderRestHandler   : GET /loadtracks
2020-05-01 00:31:36.085 ERROR 13764 --- [lava-daemon-pool-info-loader-2-thread-1] lavalink.server.player.AudioLoader       : Load failed

com.sedmelluq.discord.lavaplayer.tools.FriendlyException: Not a valid URL.
	at com.sedmelluq.discord.lavaplayer.source.http.HttpAudioSourceManager.detectContainerWithClient(HttpAudioSourceManager.java:144) ~[lavaplayer-1.3.38.jar!/:na]
	at com.sedmelluq.discord.lavaplayer.source.http.HttpAudioSourceManager.detectContainer(HttpAudioSourceManager.java:120) ~[lavaplayer-1.3.38.jar!/:na]
	at com.sedmelluq.discord.lavaplayer.source.http.HttpAudioSourceManager.loadItem(HttpAudioSourceManager.java:81) ~[lavaplayer-1.3.38.jar!/:na]
	at com.sedmelluq.discord.lavaplayer.player.DefaultAudioPlayerManager.checkSourcesForItemOnce(DefaultAudioPlayerManager.java:437) ~[lavaplayer-1.3.38.jar!/:na]
	at com.sedmelluq.discord.lavaplayer.player.DefaultAudioPlayerManager.checkSourcesForItem(DefaultAudioPlayerManager.java:419) ~[lavaplayer-1.3.38.jar!/:na]
	at com.sedmelluq.discord.lavaplayer.player.DefaultAudioPlayerManager.lambda$createItemLoader$0(DefaultAudioPlayerManager.java:218) ~[lavaplayer-1.3.38.jar!/:na]
	at java.base/java.util.concurrent.FutureTask.run(FutureTask.java:264) ~[na:na]
	at java.base/java.util.concurrent.ThreadPoolExecutor.runWorker(ThreadPoolExecutor.java:1128) ~[na:na]
	at java.base/java.util.concurrent.ThreadPoolExecutor$Worker.run(ThreadPoolExecutor.java:628) ~[na:na]
	at java.base/java.lang.Thread.run(Thread.java:834) ~[na:na]
Caused by: java.net.URISyntaxException: Illegal character in query at index 43: https://www.youtube.com/watch?v=uxVvrjLZJjo
YouTube
	at java.base/java.net.URI$Parser.fail(URI.java:2915) ~[na:na]
	at java.base/java.net.URI$Parser.checkChars(URI.java:3086) ~[na:na]
	at java.base/java.net.URI$Parser.parseHierarchical(URI.java:3174) ~[na:na]
	at java.base/java.net.URI$Parser.parse(URI.java:3116) ~[na:na]
	at java.base/java.net.URI.<init>(URI.java:600) ~[na:na]
	at com.sedmelluq.discord.lavaplayer.source.http.HttpAudioSourceManager.detectContainerWithClient(HttpAudioSourceManager.java:129) ~[lavaplayer-1.3.38.jar!/:na]
	... 9 common frames omitted

2020-05-01 00:31:44.444  INFO 13764 --- [XNIO-1 I/O-2] lavalink.server.io.SocketServer          : {"op":"stop","guildId":"491484003715776533"}
2020-05-01 00:32:09.342  INFO 13764 --- [XNIO-1 task-36] l.server.player.AudioLoaderRestHandler   : GET /loadtracks
2020-05-01 00:32:09.919  INFO 13764 --- [XNIO-1 task-37] l.server.player.AudioLoaderRestHandler   : GET /loadtracks
2020-05-01 00:32:10.025  INFO 13764 --- [lava-daemon-pool-info-loader-2-thread-1] lavalink.server.player.AudioLoader       : Loaded track ????????? ???Akie???????Lyrics?
2020-05-01 00:32:10.029  INFO 13764 --- [XNIO-1 I/O-2] lavalink.server.io.SocketServer          : {"op":"play","guildId":"491484003715776533","track":"QAAAxwIAR+S4gOmmluWlveiBveeahOaXpeiqnuatjOOAiiDntITmnZ/jgItBa2ll56eL57uY44CQ5Lit5pel5q2M6KmeTHlyaWNz44CRACbopqropqoyb+mfs+aogkzDrnbDi+OAkOaXpeezu+mfs+aoguOAkQAAAAAABJfIAAt1eFZ2cmpMWkpqbwABACtodHRwczovL3d3dy55b3V0dWJlLmNvbS93YXRjaD92PXV4VnZyakxaSmpvAAd5b3V0dWJlAAAAAAAAAAA=","volume":100}
2020-05-01 00:32:10.301  INFO 13764 --- [XNIO-1 task-39] l.server.player.AudioLoaderRestHandler   : GET /loadtracks
2020-05-01 00:32:10.619  INFO 13764 --- [lava-daemon-pool-info-loader-2-thread-1] lavalink.server.player.AudioLoader       : Loaded track ????????? ???Akie???????Lyrics?
2020-05-01 00:32:10.772  INFO 13764 --- [XNIO-1 task-41] l.server.player.AudioLoaderRestHandler   : GET /loadtracks
2020-05-01 00:32:11.197  INFO 13764 --- [lava-daemon-pool-info-loader-2-thread-1] lavalink.server.player.AudioLoader       : Loaded track ????????? ???Akie???????Lyrics?
2020-05-01 00:32:11.909  INFO 13764 --- [lava-daemon-pool-info-loader-2-thread-1] lavalink.server.player.AudioLoader       : Loaded track ????????? ???Akie???????Lyrics?
2020-05-01 00:32:20.772  INFO 13764 --- [XNIO-1 I/O-2] lavalink.server.io.SocketServer          : {"op":"stop","guildId":"491484003715776533"}
2020-05-01 00:32:20.773  INFO 13764 --- [XNIO-1 I/O-2] lavalink.server.io.SocketServer          : {"op":"play","guildId":"491484003715776533","track":"QAAAxwIAR+S4gOmmluWlveiBveeahOaXpeiqnuatjOOAiiDntITmnZ/jgItBa2ll56eL57uY44CQ5Lit5pel5q2M6KmeTHlyaWNz44CRACbopqropqoyb+mfs+aogkzDrnbDi+OAkOaXpeezu+mfs+aoguOAkQAAAAAABJfIAAt1eFZ2cmpMWkpqbwABACtodHRwczovL3d3dy55b3V0dWJlLmNvbS93YXRjaD92PXV4VnZyakxaSmpvAAd5b3V0dWJlAAAAAAAAAAA=","volume":100}
2020-05-01 00:32:32.697  INFO 13764 --- [XNIO-1 I/O-2] lavalink.server.io.SocketServer          : {"op":"stop","guildId":"491484003715776533"}
2020-05-01 00:32:32.698  INFO 13764 --- [XNIO-1 I/O-2] lavalink.server.io.SocketServer          : {"op":"play","guildId":"491484003715776533","track":"QAAAxwIAR+S4gOmmluWlveiBveeahOaXpeiqnuatjOOAiiDntITmnZ/jgItBa2ll56eL57uY44CQ5Lit5pel5q2M6KmeTHlyaWNz44CRACbopqropqoyb+mfs+aogkzDrnbDi+OAkOaXpeezu+mfs+aoguOAkQAAAAAABJfIAAt1eFZ2cmpMWkpqbwABACtodHRwczovL3d3dy55b3V0dWJlLmNvbS93YXRjaD92PXV4VnZyakxaSmpvAAd5b3V0dWJlAAAAAAAAAAA=","volume":100}
2020-05-01 00:32:39.541  INFO 13764 --- [XNIO-1 I/O-2] lavalink.server.io.SocketServer          : {"op":"stop","guildId":"491484003715776533"}
2020-05-01 00:32:39.542  INFO 13764 --- [XNIO-1 I/O-2] lavalink.server.io.SocketServer          : {"op":"play","guildId":"491484003715776533","track":"QAAAxwIAR+S4gOmmluWlveiBveeahOaXpeiqnuatjOOAiiDntITmnZ/jgItBa2ll56eL57uY44CQ5Lit5pel5q2M6KmeTHlyaWNz44CRACbopqropqoyb+mfs+aogkzDrnbDi+OAkOaXpeezu+mfs+aoguOAkQAAAAAABJfIAAt1eFZ2cmpMWkpqbwABACtodHRwczovL3d3dy55b3V0dWJlLmNvbS93YXRjaD92PXV4VnZyakxaSmpvAAd5b3V0dWJlAAAAAAAAAAA=","volume":100}
2020-05-01 00:32:46.124  INFO 13764 --- [XNIO-1 I/O-2] lavalink.server.io.SocketServer          : {"op":"stop","guildId":"491484003715776533"}
2020-05-01 00:33:49.325  INFO 13764 --- [XNIO-1 I/O-2] lavalink.server.io.SocketServer          : Connection closed from /127.0.0.1:52470 -- CloseStatus[code=1006, reason=]
2020-05-01 00:33:49.326  INFO 13764 --- [XNIO-1 I/O-2] lavalink.server.io.SocketContext         : Shutting down 0 playing players.
2020-05-01 00:33:50.173  INFO 13764 --- [XNIO-1 task-44] l.server.io.HandshakeInterceptorImpl     : Incoming connection from /127.0.0.1:52497
2020-05-01 00:33:50.178  INFO 13764 --- [XNIO-1 task-44] lavalink.server.io.SocketServer          : Connection successfully established from /127.0.0.1:52497
2020-05-01 00:34:20.461  INFO 13764 --- [XNIO-1 I/O-5] lavalink.server.io.SocketServer          : Connection closed from /127.0.0.1:52497 -- CloseStatus[code=1006, reason=]
2020-05-01 00:34:20.461  INFO 13764 --- [XNIO-1 I/O-5] lavalink.server.io.SocketContext         : Shutting down 0 playing players.
